<!DOCTYPE html>

<html>
  <head>
  <meta charset='utf-8'>
  <title>TestNG reports</title>

    <link type="text/css" href="testng-reports.css" rel="stylesheet" />
    <script type="text/javascript" src="jquery-1.7.1.min.js"></script>
    <script type="text/javascript" src="testng-reports.js"></script>
    <script type="text/javascript" src="https://www.google.com/jsapi"></script>
    <script type='text/javascript'>
      google.load('visualization', '1', {packages:['table']});
      google.setOnLoadCallback(drawTable);
      var suiteTableInitFunctions = new Array();
      var suiteTableData = new Array();
    </script>
    <!--
      <script type="text/javascript" src="jquery-ui/js/jquery-ui-1.8.16.custom.min.js"></script>
     -->
  </head>

  <body>
    <div class="top-banner-root">
      <span class="top-banner-title-font">Test results</span>
      <br/>
      <span class="top-banner-font-1">1 suite</span>
    </div> <!-- top-banner-root -->
    <div class="navigator-root">
      <div class="navigator-suite-header">
        <span>All suites</span>
        <a href="#" class="collapse-all-link" title="Collapse/expand all the suites">
          <img class="collapse-all-icon" src="collapseall.gif">
          </img> <!-- collapse-all-icon -->
        </a> <!-- collapse-all-link -->
      </div> <!-- navigator-suite-header -->
      <div class="suite">
        <div class="rounded-window">
          <div class="suite-header light-rounded-window-top">
            <a href="#" class="navigator-link" panel-name="suite-NopCommerce">
              <span class="suite-name border-skipped">NopCommerce</span>
            </a> <!-- navigator-link -->
          </div> <!-- suite-header light-rounded-window-top -->
          <div class="navigator-suite-content">
            <div class="suite-section-title">
              <span>Info</span>
            </div> <!-- suite-section-title -->
            <div class="suite-section-content">
              <ul>
                <li>
                  <a href="#" class="navigator-link " panel-name="test-xml-NopCommerce">
                    <span>D:\Automation test\hybrid-pom-nopcommerce\resources\runNopCommerceTestcases.xml</span>
                  </a> <!-- navigator-link  -->
                </li>
                <li>
                  <a href="#" class="navigator-link " panel-name="testlist-NopCommerce">
                    <span class="test-stats">5 tests</span>
                  </a> <!-- navigator-link  -->
                </li>
                <li>
                  <a href="#" class="navigator-link " panel-name="group-NopCommerce">
                    <span>0 groups</span>
                  </a> <!-- navigator-link  -->
                </li>
                <li>
                  <a href="#" class="navigator-link " panel-name="times-NopCommerce">
                    <span>Times</span>
                  </a> <!-- navigator-link  -->
                </li>
                <li>
                  <a href="#" class="navigator-link " panel-name="reporter-NopCommerce">
                    <span>Reporter output</span>
                  </a> <!-- navigator-link  -->
                </li>
                <li>
                  <a href="#" class="navigator-link " panel-name="ignored-methods-NopCommerce">
                    <span>Ignored methods</span>
                  </a> <!-- navigator-link  -->
                </li>
                <li>
                  <a href="#" class="navigator-link " panel-name="chronological-NopCommerce">
                    <span>Chronological view</span>
                  </a> <!-- navigator-link  -->
                </li>
              </ul>
            </div> <!-- suite-section-content -->
            <div class="result-section">
              <div class="suite-section-title">
                <span>Results</span>
              </div> <!-- suite-section-title -->
              <div class="suite-section-content">
                <ul>
                  <li>
                    <span class="method-stats">15 methods,  15 skipped,  </span>
                  </li>
                  <li>
                    <span class="method-list-title skipped">Skipped methods</span>
                    <span class="show-or-hide-methods skipped">
                      <a href="#" panel-name="suite-NopCommerce" class="hide-methods skipped suite-NopCommerce"> (hide)</a> <!-- hide-methods skipped suite-NopCommerce -->
                      <a href="#" panel-name="suite-NopCommerce" class="show-methods skipped suite-NopCommerce"> (show)</a> <!-- show-methods skipped suite-NopCommerce -->
                    </span>
                    <div class="method-list-content skipped suite-NopCommerce">
                      <span>
                        <img width="3%" src="skipped.png"/>
                        <a href="#" class="method navigator-link" panel-name="suite-NopCommerce" title="com.nopcommerce.users.Level_01_Register_Login" hash-for-method="TC_01_Register">TC_01_Register</a> <!-- method navigator-link -->
                      </span>
                      <br/>
                      <span>
                        <img width="3%" src="skipped.png"/>
                        <a href="#" class="method navigator-link" panel-name="suite-NopCommerce" title="com.nopcommerce.users.Level_01_Register_Login" hash-for-method="TC_01_Register">TC_01_Register</a> <!-- method navigator-link -->
                      </span>
                      <br/>
                      <span>
                        <img width="3%" src="skipped.png"/>
                        <a href="#" class="method navigator-link" panel-name="suite-NopCommerce" title="com.nopcommerce.users.Level_01_Register_Login" hash-for-method="TC_01_Register">TC_01_Register</a> <!-- method navigator-link -->
                      </span>
                      <br/>
                      <span>
                        <img width="3%" src="skipped.png"/>
                        <a href="#" class="method navigator-link" panel-name="suite-NopCommerce" title="com.nopcommerce.users.Level_01_Register_Login" hash-for-method="TC_01_Register">TC_01_Register</a> <!-- method navigator-link -->
                      </span>
                      <br/>
                      <span>
                        <img width="3%" src="skipped.png"/>
                        <a href="#" class="method navigator-link" panel-name="suite-NopCommerce" title="com.nopcommerce.users.Level_01_Register_Login" hash-for-method="TC_01_Register">TC_01_Register</a> <!-- method navigator-link -->
                      </span>
                      <br/>
                      <span>
                        <img width="3%" src="skipped.png"/>
                        <a href="#" class="method navigator-link" panel-name="suite-NopCommerce" title="com.nopcommerce.users.Level_01_Register_Login" hash-for-method="TC_02_Login">TC_02_Login</a> <!-- method navigator-link -->
                      </span>
                      <br/>
                      <span>
                        <img width="3%" src="skipped.png"/>
                        <a href="#" class="method navigator-link" panel-name="suite-NopCommerce" title="com.nopcommerce.users.Level_01_Register_Login" hash-for-method="TC_02_Login">TC_02_Login</a> <!-- method navigator-link -->
                      </span>
                      <br/>
                      <span>
                        <img width="3%" src="skipped.png"/>
                        <a href="#" class="method navigator-link" panel-name="suite-NopCommerce" title="com.nopcommerce.users.Level_01_Register_Login" hash-for-method="TC_02_Login">TC_02_Login</a> <!-- method navigator-link -->
                      </span>
                      <br/>
                      <span>
                        <img width="3%" src="skipped.png"/>
                        <a href="#" class="method navigator-link" panel-name="suite-NopCommerce" title="com.nopcommerce.users.Level_01_Register_Login" hash-for-method="TC_02_Login">TC_02_Login</a> <!-- method navigator-link -->
                      </span>
                      <br/>
                      <span>
                        <img width="3%" src="skipped.png"/>
                        <a href="#" class="method navigator-link" panel-name="suite-NopCommerce" title="com.nopcommerce.users.Level_01_Register_Login" hash-for-method="TC_02_Login">TC_02_Login</a> <!-- method navigator-link -->
                      </span>
                      <br/>
                      <span>
                        <img width="3%" src="skipped.png"/>
                        <a href="#" class="method navigator-link" panel-name="suite-NopCommerce" title="com.nopcommerce.users.Level_01_Register_Login" hash-for-method="TC_03_View_My_Account">TC_03_View_My_Account</a> <!-- method navigator-link -->
                      </span>
                      <br/>
                      <span>
                        <img width="3%" src="skipped.png"/>
                        <a href="#" class="method navigator-link" panel-name="suite-NopCommerce" title="com.nopcommerce.users.Level_01_Register_Login" hash-for-method="TC_03_View_My_Account">TC_03_View_My_Account</a> <!-- method navigator-link -->
                      </span>
                      <br/>
                      <span>
                        <img width="3%" src="skipped.png"/>
                        <a href="#" class="method navigator-link" panel-name="suite-NopCommerce" title="com.nopcommerce.users.Level_01_Register_Login" hash-for-method="TC_03_View_My_Account">TC_03_View_My_Account</a> <!-- method navigator-link -->
                      </span>
                      <br/>
                      <span>
                        <img width="3%" src="skipped.png"/>
                        <a href="#" class="method navigator-link" panel-name="suite-NopCommerce" title="com.nopcommerce.users.Level_01_Register_Login" hash-for-method="TC_03_View_My_Account">TC_03_View_My_Account</a> <!-- method navigator-link -->
                      </span>
                      <br/>
                      <span>
                        <img width="3%" src="skipped.png"/>
                        <a href="#" class="method navigator-link" panel-name="suite-NopCommerce" title="com.nopcommerce.users.Level_01_Register_Login" hash-for-method="TC_03_View_My_Account">TC_03_View_My_Account</a> <!-- method navigator-link -->
                      </span>
                      <br/>
                    </div> <!-- method-list-content skipped suite-NopCommerce -->
                  </li>
                </ul>
              </div> <!-- suite-section-content -->
            </div> <!-- result-section -->
          </div> <!-- navigator-suite-content -->
        </div> <!-- rounded-window -->
      </div> <!-- suite -->
    </div> <!-- navigator-root -->
    <div class="wrapper">
      <div class="main-panel-root">
        <div panel-name="suite-NopCommerce" class="panel NopCommerce">
          <div class="suite-NopCommerce-class-skipped">
            <div class="main-panel-header rounded-window-top">
              <img src="skipped.png"/>
              <span class="class-name">com.nopcommerce.users.Level_01_Register_Login</span>
            </div> <!-- main-panel-header rounded-window-top -->
            <div class="main-panel-content rounded-window-bottom">
              <div class="method">
                <div class="method-content">
                  <a name="TC_01_Register">
                  </a> <!-- TC_01_Register -->
                  <span class="method-name">TC_01_Register</span>
                  <div class="stack-trace">org.openqa.selenium.SessionNotCreatedException: Failed to set preferences: Unable to write Firefox profile: There is not enough space on the disk. (os error 112)
Build info: version: &apos;3.141.59&apos;, revision: &apos;e82be7d358&apos;, time: &apos;2018-11-14T08:25:53&apos;
System info: host: &apos;DESKTOP-4LGOUIP&apos;, ip: &apos;192.168.1.4&apos;, os.name: &apos;Windows 10&apos;, os.arch: &apos;amd64&apos;, os.version: &apos;10.0&apos;, java.version: &apos;1.8.0_271&apos;
Driver info: driver.version: FirefoxDriver
remote stacktrace: 
	at org.openqa.selenium.remote.W3CHandshakeResponse.lambda$errorHandler$0(W3CHandshakeResponse.java:62)
	at org.openqa.selenium.remote.HandshakeResponse.lambda$getResponseFunction$0(HandshakeResponse.java:30)
	at org.openqa.selenium.remote.ProtocolHandshake.lambda$createSession$0(ProtocolHandshake.java:126)
	at java.util.stream.ReferencePipeline$3$1.accept(Unknown Source)
	at java.util.Spliterators$ArraySpliterator.tryAdvance(Unknown Source)
	at java.util.stream.ReferencePipeline.forEachWithCancel(Unknown Source)
	at java.util.stream.AbstractPipeline.copyIntoWithCancel(Unknown Source)
	at java.util.stream.AbstractPipeline.copyInto(Unknown Source)
	at java.util.stream.AbstractPipeline.wrapAndCopyInto(Unknown Source)
	at java.util.stream.FindOps$FindOp.evaluateSequential(Unknown Source)
	at java.util.stream.AbstractPipeline.evaluate(Unknown Source)
	at java.util.stream.ReferencePipeline.findFirst(Unknown Source)
	at org.openqa.selenium.remote.ProtocolHandshake.createSession(ProtocolHandshake.java:128)
	at org.openqa.selenium.remote.ProtocolHandshake.createSession(ProtocolHandshake.java:74)
	at org.openqa.selenium.remote.HttpCommandExecutor.execute(HttpCommandExecutor.java:136)
	at org.openqa.selenium.remote.service.DriverCommandExecutor.execute(DriverCommandExecutor.java:83)
	at org.openqa.selenium.remote.RemoteWebDriver.execute(RemoteWebDriver.java:552)
	at org.openqa.selenium.remote.RemoteWebDriver.startSession(RemoteWebDriver.java:213)
	at org.openqa.selenium.remote.RemoteWebDriver.&lt;init&gt;(RemoteWebDriver.java:131)
	at org.openqa.selenium.firefox.FirefoxDriver.&lt;init&gt;(FirefoxDriver.java:147)
	at org.openqa.selenium.firefox.FirefoxDriver.&lt;init&gt;(FirefoxDriver.java:125)
	at commons.AbstractTest.getBrowserDriver(AbstractTest.java:25)
	at com.nopcommerce.users.Level_01_Register_Login.beforeClass(Level_01_Register_Login.java:57)
... Removed 30 stack frames
</div> <!-- stack-trace -->
                </div> <!-- method-content -->
              </div> <!-- method -->
              <div class="method">
                <div class="method-content">
                  <a name="TC_01_Register">
                  </a> <!-- TC_01_Register -->
                  <span class="method-name">TC_01_Register</span>
                  <div class="stack-trace">org.openqa.selenium.WebDriverException: unknown error: failed to write prefs file
Build info: version: &apos;3.141.59&apos;, revision: &apos;e82be7d358&apos;, time: &apos;2018-11-14T08:25:53&apos;
System info: host: &apos;DESKTOP-4LGOUIP&apos;, ip: &apos;192.168.1.4&apos;, os.name: &apos;Windows 10&apos;, os.arch: &apos;amd64&apos;, os.version: &apos;10.0&apos;, java.version: &apos;1.8.0_271&apos;
Driver info: driver.version: ChromeDriver
remote stacktrace: Backtrace:
	Ordinal0 [0x00802DB3+2502067]
	Ordinal0 [0x0079C5B1+2082225]
	Ordinal0 [0x006A2498+1057944]
	Ordinal0 [0x006BF2BC+1176252]
	Ordinal0 [0x006BF3E5+1176549]
	Ordinal0 [0x006BCE9A+1167002]
	Ordinal0 [0x006B9C73+1154163]
	Ordinal0 [0x006E9A22+1350178]
	Ordinal0 [0x006E967A+1349242]
	Ordinal0 [0x006E5BEB+1334251]
	Ordinal0 [0x006C2174+1188212]
	Ordinal0 [0x006C3009+1191945]
	GetHandleVerifier [0x0097EC5C+1511084]
	GetHandleVerifier [0x00A28522+2205554]
	GetHandleVerifier [0x00883393+480739]
	GetHandleVerifier [0x00882579+477129]
	Ordinal0 [0x007A1E5D+2104925]
	Ordinal0 [0x007A63F8+2122744]
	Ordinal0 [0x007A6537+2123063]
	Ordinal0 [0x007AEE53+2158163]
	BaseThreadInitThunk [0x76F8FA29+25]
	RtlGetAppContainerNamedObjectPath [0x770D7A7E+286]
	RtlGetAppContainerNamedObjectPath [0x770D7A4E+238]

	at org.openqa.selenium.remote.W3CHandshakeResponse.lambda$errorHandler$0(W3CHandshakeResponse.java:62)
	at org.openqa.selenium.remote.HandshakeResponse.lambda$getResponseFunction$0(HandshakeResponse.java:30)
	at org.openqa.selenium.remote.ProtocolHandshake.lambda$createSession$0(ProtocolHandshake.java:126)
	at java.util.stream.ReferencePipeline$3$1.accept(Unknown Source)
	at java.util.Spliterators$ArraySpliterator.tryAdvance(Unknown Source)
	at java.util.stream.ReferencePipeline.forEachWithCancel(Unknown Source)
	at java.util.stream.AbstractPipeline.copyIntoWithCancel(Unknown Source)
	at java.util.stream.AbstractPipeline.copyInto(Unknown Source)
	at java.util.stream.AbstractPipeline.wrapAndCopyInto(Unknown Source)
	at java.util.stream.FindOps$FindOp.evaluateSequential(Unknown Source)
	at java.util.stream.AbstractPipeline.evaluate(Unknown Source)
	at java.util.stream.ReferencePipeline.findFirst(Unknown Source)
	at org.openqa.selenium.remote.ProtocolHandshake.createSession(ProtocolHandshake.java:128)
	at org.openqa.selenium.remote.ProtocolHandshake.createSession(ProtocolHandshake.java:74)
	at org.openqa.selenium.remote.HttpCommandExecutor.execute(HttpCommandExecutor.java:136)
	at org.openqa.selenium.remote.service.DriverCommandExecutor.execute(DriverCommandExecutor.java:83)
	at org.openqa.selenium.remote.RemoteWebDriver.execute(RemoteWebDriver.java:552)
	at org.openqa.selenium.remote.RemoteWebDriver.startSession(RemoteWebDriver.java:213)
	at org.openqa.selenium.remote.RemoteWebDriver.&lt;init&gt;(RemoteWebDriver.java:131)
	at org.openqa.selenium.chrome.ChromeDriver.&lt;init&gt;(ChromeDriver.java:181)
	at org.openqa.selenium.chrome.ChromeDriver.&lt;init&gt;(ChromeDriver.java:168)
	at org.openqa.selenium.chrome.ChromeDriver.&lt;init&gt;(ChromeDriver.java:123)
	at commons.AbstractTest.getBrowserDriver(AbstractTest.java:32)
	at com.nopcommerce.users.Level_01_Register_Login.beforeClass(Level_01_Register_Login.java:57)
... Removed 30 stack frames
</div> <!-- stack-trace -->
                </div> <!-- method-content -->
              </div> <!-- method -->
              <div class="method">
                <div class="method-content">
                  <a name="TC_01_Register">
                  </a> <!-- TC_01_Register -->
                  <span class="method-name">TC_01_Register</span>
                  <div class="stack-trace">org.openqa.selenium.SessionNotCreatedException: Failed to set preferences: Unable to write Firefox profile: There is not enough space on the disk. (os error 112)
Build info: version: &apos;3.141.59&apos;, revision: &apos;e82be7d358&apos;, time: &apos;2018-11-14T08:25:53&apos;
System info: host: &apos;DESKTOP-4LGOUIP&apos;, ip: &apos;192.168.1.4&apos;, os.name: &apos;Windows 10&apos;, os.arch: &apos;amd64&apos;, os.version: &apos;10.0&apos;, java.version: &apos;1.8.0_271&apos;
Driver info: driver.version: FirefoxDriver
remote stacktrace: 
	at org.openqa.selenium.remote.W3CHandshakeResponse.lambda$errorHandler$0(W3CHandshakeResponse.java:62)
	at org.openqa.selenium.remote.HandshakeResponse.lambda$getResponseFunction$0(HandshakeResponse.java:30)
	at org.openqa.selenium.remote.ProtocolHandshake.lambda$createSession$0(ProtocolHandshake.java:126)
	at java.util.stream.ReferencePipeline$3$1.accept(Unknown Source)
	at java.util.Spliterators$ArraySpliterator.tryAdvance(Unknown Source)
	at java.util.stream.ReferencePipeline.forEachWithCancel(Unknown Source)
	at java.util.stream.AbstractPipeline.copyIntoWithCancel(Unknown Source)
	at java.util.stream.AbstractPipeline.copyInto(Unknown Source)
	at java.util.stream.AbstractPipeline.wrapAndCopyInto(Unknown Source)
	at java.util.stream.FindOps$FindOp.evaluateSequential(Unknown Source)
	at java.util.stream.AbstractPipeline.evaluate(Unknown Source)
	at java.util.stream.ReferencePipeline.findFirst(Unknown Source)
	at org.openqa.selenium.remote.ProtocolHandshake.createSession(ProtocolHandshake.java:128)
	at org.openqa.selenium.remote.ProtocolHandshake.createSession(ProtocolHandshake.java:74)
	at org.openqa.selenium.remote.HttpCommandExecutor.execute(HttpCommandExecutor.java:136)
	at org.openqa.selenium.remote.service.DriverCommandExecutor.execute(DriverCommandExecutor.java:83)
	at org.openqa.selenium.remote.RemoteWebDriver.execute(RemoteWebDriver.java:552)
	at org.openqa.selenium.remote.RemoteWebDriver.startSession(RemoteWebDriver.java:213)
	at org.openqa.selenium.remote.RemoteWebDriver.&lt;init&gt;(RemoteWebDriver.java:131)
	at org.openqa.selenium.firefox.FirefoxDriver.&lt;init&gt;(FirefoxDriver.java:147)
	at commons.AbstractTest.getBrowserDriver(AbstractTest.java:40)
	at com.nopcommerce.users.Level_01_Register_Login.beforeClass(Level_01_Register_Login.java:57)
... Removed 30 stack frames
</div> <!-- stack-trace -->
                </div> <!-- method-content -->
              </div> <!-- method -->
              <div class="method">
                <div class="method-content">
                  <a name="TC_01_Register">
                  </a> <!-- TC_01_Register -->
                  <span class="method-name">TC_01_Register</span>
                  <div class="stack-trace">org.openqa.selenium.WebDriverException: unknown error: failed to write prefs file
Build info: version: &apos;3.141.59&apos;, revision: &apos;e82be7d358&apos;, time: &apos;2018-11-14T08:25:53&apos;
System info: host: &apos;DESKTOP-4LGOUIP&apos;, ip: &apos;192.168.1.4&apos;, os.name: &apos;Windows 10&apos;, os.arch: &apos;amd64&apos;, os.version: &apos;10.0&apos;, java.version: &apos;1.8.0_271&apos;
Driver info: driver.version: ChromeDriver
remote stacktrace: Backtrace:
	Ordinal0 [0x00802DB3+2502067]
	Ordinal0 [0x0079C5B1+2082225]
	Ordinal0 [0x006A2498+1057944]
	Ordinal0 [0x006BF2BC+1176252]
	Ordinal0 [0x006BF3E5+1176549]
	Ordinal0 [0x006BCE9A+1167002]
	Ordinal0 [0x006B9C73+1154163]
	Ordinal0 [0x006E9A22+1350178]
	Ordinal0 [0x006E967A+1349242]
	Ordinal0 [0x006E5BEB+1334251]
	Ordinal0 [0x006C2174+1188212]
	Ordinal0 [0x006C3009+1191945]
	GetHandleVerifier [0x0097EC5C+1511084]
	GetHandleVerifier [0x00A28522+2205554]
	GetHandleVerifier [0x00883393+480739]
	GetHandleVerifier [0x00882579+477129]
	Ordinal0 [0x007A1E5D+2104925]
	Ordinal0 [0x007A63F8+2122744]
	Ordinal0 [0x007A6537+2123063]
	Ordinal0 [0x007AEE53+2158163]
	BaseThreadInitThunk [0x76F8FA29+25]
	RtlGetAppContainerNamedObjectPath [0x770D7A7E+286]
	RtlGetAppContainerNamedObjectPath [0x770D7A4E+238]

	at org.openqa.selenium.remote.W3CHandshakeResponse.lambda$errorHandler$0(W3CHandshakeResponse.java:62)
	at org.openqa.selenium.remote.HandshakeResponse.lambda$getResponseFunction$0(HandshakeResponse.java:30)
	at org.openqa.selenium.remote.ProtocolHandshake.lambda$createSession$0(ProtocolHandshake.java:126)
	at java.util.stream.ReferencePipeline$3$1.accept(Unknown Source)
	at java.util.Spliterators$ArraySpliterator.tryAdvance(Unknown Source)
	at java.util.stream.ReferencePipeline.forEachWithCancel(Unknown Source)
	at java.util.stream.AbstractPipeline.copyIntoWithCancel(Unknown Source)
	at java.util.stream.AbstractPipeline.copyInto(Unknown Source)
	at java.util.stream.AbstractPipeline.wrapAndCopyInto(Unknown Source)
	at java.util.stream.FindOps$FindOp.evaluateSequential(Unknown Source)
	at java.util.stream.AbstractPipeline.evaluate(Unknown Source)
	at java.util.stream.ReferencePipeline.findFirst(Unknown Source)
	at org.openqa.selenium.remote.ProtocolHandshake.createSession(ProtocolHandshake.java:128)
	at org.openqa.selenium.remote.ProtocolHandshake.createSession(ProtocolHandshake.java:74)
	at org.openqa.selenium.remote.HttpCommandExecutor.execute(HttpCommandExecutor.java:136)
	at org.openqa.selenium.remote.service.DriverCommandExecutor.execute(DriverCommandExecutor.java:83)
	at org.openqa.selenium.remote.RemoteWebDriver.execute(RemoteWebDriver.java:552)
	at org.openqa.selenium.remote.RemoteWebDriver.startSession(RemoteWebDriver.java:213)
	at org.openqa.selenium.remote.RemoteWebDriver.&lt;init&gt;(RemoteWebDriver.java:131)
	at org.openqa.selenium.chrome.ChromeDriver.&lt;init&gt;(ChromeDriver.java:181)
	at org.openqa.selenium.chrome.ChromeDriver.&lt;init&gt;(ChromeDriver.java:168)
	at org.openqa.selenium.chrome.ChromeDriver.&lt;init&gt;(ChromeDriver.java:157)
	at commons.AbstractTest.getBrowserDriver(AbstractTest.java:49)
	at com.nopcommerce.users.Level_01_Register_Login.beforeClass(Level_01_Register_Login.java:57)
... Removed 30 stack frames
</div> <!-- stack-trace -->
                </div> <!-- method-content -->
              </div> <!-- method -->
              <div class="method">
                <div class="method-content">
                  <a name="TC_01_Register">
                  </a> <!-- TC_01_Register -->
                  <span class="method-name">TC_01_Register</span>
                  <div class="stack-trace">org.openqa.selenium.WebDriverException: unknown error: failed to write prefs file
Build info: version: &apos;3.141.59&apos;, revision: &apos;e82be7d358&apos;, time: &apos;2018-11-14T08:25:53&apos;
System info: host: &apos;DESKTOP-4LGOUIP&apos;, ip: &apos;192.168.1.4&apos;, os.name: &apos;Windows 10&apos;, os.arch: &apos;amd64&apos;, os.version: &apos;10.0&apos;, java.version: &apos;1.8.0_271&apos;
Driver info: driver.version: EdgeDriver
remote stacktrace: Backtrace:
	Ordinal0 [0x00007FF6E9A28F52+4427602]
	Ordinal0 [0x00007FF6E96DD583+972163]
	Ordinal0 [0x00007FF6E97051FA+1135098]
	Ordinal0 [0x00007FF6E9705383+1135491]
	Ordinal0 [0x00007FF6E96FFC31+1113137]
	Ordinal0 [0x00007FF6E96FC4D3+1098963]
	Ordinal0 [0x00007FF6E9736F70+1339248]
	Ordinal0 [0x00007FF6E9732B8F+1321871]
	Ordinal0 [0x00007FF6E97086FA+1148666]
	Ordinal0 [0x00007FF6E970975F+1152863]
	Ordinal0 [0x00007FF6E979BBBD+1751997]
	Ordinal0 [0x00007FF6E979A152+1745234]
	Ordinal0 [0x00007FF6E9917824+3307556]
	Ordinal0 [0x00007FF6E9A48BC9+4557769]
	Ordinal0 [0x00007FF6E99D7EFE+4095742]
	Ordinal0 [0x00007FF6E99D7454+4093012]
	Ordinal0 [0x00007FF6E99D72A5+4092581]
	Ordinal0 [0x00007FF6E99F168F+4200079]
	BaseThreadInitThunk [0x00007FFF19E07034+20]
	RtlUserThreadStart [0x00007FFF1B862651+33]

	at org.openqa.selenium.remote.W3CHandshakeResponse.lambda$errorHandler$0(W3CHandshakeResponse.java:62)
	at org.openqa.selenium.remote.HandshakeResponse.lambda$getResponseFunction$0(HandshakeResponse.java:30)
	at org.openqa.selenium.remote.ProtocolHandshake.lambda$createSession$0(ProtocolHandshake.java:126)
	at java.util.stream.ReferencePipeline$3$1.accept(Unknown Source)
	at java.util.Spliterators$ArraySpliterator.tryAdvance(Unknown Source)
	at java.util.stream.ReferencePipeline.forEachWithCancel(Unknown Source)
	at java.util.stream.AbstractPipeline.copyIntoWithCancel(Unknown Source)
	at java.util.stream.AbstractPipeline.copyInto(Unknown Source)
	at java.util.stream.AbstractPipeline.wrapAndCopyInto(Unknown Source)
	at java.util.stream.FindOps$FindOp.evaluateSequential(Unknown Source)
	at java.util.stream.AbstractPipeline.evaluate(Unknown Source)
	at java.util.stream.ReferencePipeline.findFirst(Unknown Source)
	at org.openqa.selenium.remote.ProtocolHandshake.createSession(ProtocolHandshake.java:128)
	at org.openqa.selenium.remote.ProtocolHandshake.createSession(ProtocolHandshake.java:74)
	at org.openqa.selenium.remote.HttpCommandExecutor.execute(HttpCommandExecutor.java:136)
	at org.openqa.selenium.remote.service.DriverCommandExecutor.execute(DriverCommandExecutor.java:83)
	at org.openqa.selenium.remote.RemoteWebDriver.execute(RemoteWebDriver.java:552)
	at org.openqa.selenium.remote.RemoteWebDriver.startSession(RemoteWebDriver.java:213)
	at org.openqa.selenium.remote.RemoteWebDriver.&lt;init&gt;(RemoteWebDriver.java:131)
	at org.openqa.selenium.edge.EdgeDriver.&lt;init&gt;(EdgeDriver.java:141)
	at org.openqa.selenium.edge.EdgeDriver.&lt;init&gt;(EdgeDriver.java:96)
	at commons.AbstractTest.getBrowserDriver(AbstractTest.java:56)
	at com.nopcommerce.users.Level_01_Register_Login.beforeClass(Level_01_Register_Login.java:57)
... Removed 30 stack frames
</div> <!-- stack-trace -->
                </div> <!-- method-content -->
              </div> <!-- method -->
              <div class="method">
                <div class="method-content">
                  <a name="TC_02_Login">
                  </a> <!-- TC_02_Login -->
                  <span class="method-name">TC_02_Login</span>
                  <div class="stack-trace">org.openqa.selenium.SessionNotCreatedException: Failed to set preferences: Unable to write Firefox profile: There is not enough space on the disk. (os error 112)
Build info: version: &apos;3.141.59&apos;, revision: &apos;e82be7d358&apos;, time: &apos;2018-11-14T08:25:53&apos;
System info: host: &apos;DESKTOP-4LGOUIP&apos;, ip: &apos;192.168.1.4&apos;, os.name: &apos;Windows 10&apos;, os.arch: &apos;amd64&apos;, os.version: &apos;10.0&apos;, java.version: &apos;1.8.0_271&apos;
Driver info: driver.version: FirefoxDriver
remote stacktrace: 
	at org.openqa.selenium.remote.W3CHandshakeResponse.lambda$errorHandler$0(W3CHandshakeResponse.java:62)
	at org.openqa.selenium.remote.HandshakeResponse.lambda$getResponseFunction$0(HandshakeResponse.java:30)
	at org.openqa.selenium.remote.ProtocolHandshake.lambda$createSession$0(ProtocolHandshake.java:126)
	at java.util.stream.ReferencePipeline$3$1.accept(Unknown Source)
	at java.util.Spliterators$ArraySpliterator.tryAdvance(Unknown Source)
	at java.util.stream.ReferencePipeline.forEachWithCancel(Unknown Source)
	at java.util.stream.AbstractPipeline.copyIntoWithCancel(Unknown Source)
	at java.util.stream.AbstractPipeline.copyInto(Unknown Source)
	at java.util.stream.AbstractPipeline.wrapAndCopyInto(Unknown Source)
	at java.util.stream.FindOps$FindOp.evaluateSequential(Unknown Source)
	at java.util.stream.AbstractPipeline.evaluate(Unknown Source)
	at java.util.stream.ReferencePipeline.findFirst(Unknown Source)
	at org.openqa.selenium.remote.ProtocolHandshake.createSession(ProtocolHandshake.java:128)
	at org.openqa.selenium.remote.ProtocolHandshake.createSession(ProtocolHandshake.java:74)
	at org.openqa.selenium.remote.HttpCommandExecutor.execute(HttpCommandExecutor.java:136)
	at org.openqa.selenium.remote.service.DriverCommandExecutor.execute(DriverCommandExecutor.java:83)
	at org.openqa.selenium.remote.RemoteWebDriver.execute(RemoteWebDriver.java:552)
	at org.openqa.selenium.remote.RemoteWebDriver.startSession(RemoteWebDriver.java:213)
	at org.openqa.selenium.remote.RemoteWebDriver.&lt;init&gt;(RemoteWebDriver.java:131)
	at org.openqa.selenium.firefox.FirefoxDriver.&lt;init&gt;(FirefoxDriver.java:147)
	at org.openqa.selenium.firefox.FirefoxDriver.&lt;init&gt;(FirefoxDriver.java:125)
	at commons.AbstractTest.getBrowserDriver(AbstractTest.java:25)
	at com.nopcommerce.users.Level_01_Register_Login.beforeClass(Level_01_Register_Login.java:57)
... Removed 30 stack frames
</div> <!-- stack-trace -->
                </div> <!-- method-content -->
              </div> <!-- method -->
              <div class="method">
                <div class="method-content">
                  <a name="TC_02_Login">
                  </a> <!-- TC_02_Login -->
                  <span class="method-name">TC_02_Login</span>
                  <div class="stack-trace">org.openqa.selenium.WebDriverException: unknown error: failed to write prefs file
Build info: version: &apos;3.141.59&apos;, revision: &apos;e82be7d358&apos;, time: &apos;2018-11-14T08:25:53&apos;
System info: host: &apos;DESKTOP-4LGOUIP&apos;, ip: &apos;192.168.1.4&apos;, os.name: &apos;Windows 10&apos;, os.arch: &apos;amd64&apos;, os.version: &apos;10.0&apos;, java.version: &apos;1.8.0_271&apos;
Driver info: driver.version: ChromeDriver
remote stacktrace: Backtrace:
	Ordinal0 [0x00802DB3+2502067]
	Ordinal0 [0x0079C5B1+2082225]
	Ordinal0 [0x006A2498+1057944]
	Ordinal0 [0x006BF2BC+1176252]
	Ordinal0 [0x006BF3E5+1176549]
	Ordinal0 [0x006BCE9A+1167002]
	Ordinal0 [0x006B9C73+1154163]
	Ordinal0 [0x006E9A22+1350178]
	Ordinal0 [0x006E967A+1349242]
	Ordinal0 [0x006E5BEB+1334251]
	Ordinal0 [0x006C2174+1188212]
	Ordinal0 [0x006C3009+1191945]
	GetHandleVerifier [0x0097EC5C+1511084]
	GetHandleVerifier [0x00A28522+2205554]
	GetHandleVerifier [0x00883393+480739]
	GetHandleVerifier [0x00882579+477129]
	Ordinal0 [0x007A1E5D+2104925]
	Ordinal0 [0x007A63F8+2122744]
	Ordinal0 [0x007A6537+2123063]
	Ordinal0 [0x007AEE53+2158163]
	BaseThreadInitThunk [0x76F8FA29+25]
	RtlGetAppContainerNamedObjectPath [0x770D7A7E+286]
	RtlGetAppContainerNamedObjectPath [0x770D7A4E+238]

	at org.openqa.selenium.remote.W3CHandshakeResponse.lambda$errorHandler$0(W3CHandshakeResponse.java:62)
	at org.openqa.selenium.remote.HandshakeResponse.lambda$getResponseFunction$0(HandshakeResponse.java:30)
	at org.openqa.selenium.remote.ProtocolHandshake.lambda$createSession$0(ProtocolHandshake.java:126)
	at java.util.stream.ReferencePipeline$3$1.accept(Unknown Source)
	at java.util.Spliterators$ArraySpliterator.tryAdvance(Unknown Source)
	at java.util.stream.ReferencePipeline.forEachWithCancel(Unknown Source)
	at java.util.stream.AbstractPipeline.copyIntoWithCancel(Unknown Source)
	at java.util.stream.AbstractPipeline.copyInto(Unknown Source)
	at java.util.stream.AbstractPipeline.wrapAndCopyInto(Unknown Source)
	at java.util.stream.FindOps$FindOp.evaluateSequential(Unknown Source)
	at java.util.stream.AbstractPipeline.evaluate(Unknown Source)
	at java.util.stream.ReferencePipeline.findFirst(Unknown Source)
	at org.openqa.selenium.remote.ProtocolHandshake.createSession(ProtocolHandshake.java:128)
	at org.openqa.selenium.remote.ProtocolHandshake.createSession(ProtocolHandshake.java:74)
	at org.openqa.selenium.remote.HttpCommandExecutor.execute(HttpCommandExecutor.java:136)
	at org.openqa.selenium.remote.service.DriverCommandExecutor.execute(DriverCommandExecutor.java:83)
	at org.openqa.selenium.remote.RemoteWebDriver.execute(RemoteWebDriver.java:552)
	at org.openqa.selenium.remote.RemoteWebDriver.startSession(RemoteWebDriver.java:213)
	at org.openqa.selenium.remote.RemoteWebDriver.&lt;init&gt;(RemoteWebDriver.java:131)
	at org.openqa.selenium.chrome.ChromeDriver.&lt;init&gt;(ChromeDriver.java:181)
	at org.openqa.selenium.chrome.ChromeDriver.&lt;init&gt;(ChromeDriver.java:168)
	at org.openqa.selenium.chrome.ChromeDriver.&lt;init&gt;(ChromeDriver.java:123)
	at commons.AbstractTest.getBrowserDriver(AbstractTest.java:32)
	at com.nopcommerce.users.Level_01_Register_Login.beforeClass(Level_01_Register_Login.java:57)
... Removed 30 stack frames
</div> <!-- stack-trace -->
                </div> <!-- method-content -->
              </div> <!-- method -->
              <div class="method">
                <div class="method-content">
                  <a name="TC_02_Login">
                  </a> <!-- TC_02_Login -->
                  <span class="method-name">TC_02_Login</span>
                  <div class="stack-trace">org.openqa.selenium.SessionNotCreatedException: Failed to set preferences: Unable to write Firefox profile: There is not enough space on the disk. (os error 112)
Build info: version: &apos;3.141.59&apos;, revision: &apos;e82be7d358&apos;, time: &apos;2018-11-14T08:25:53&apos;
System info: host: &apos;DESKTOP-4LGOUIP&apos;, ip: &apos;192.168.1.4&apos;, os.name: &apos;Windows 10&apos;, os.arch: &apos;amd64&apos;, os.version: &apos;10.0&apos;, java.version: &apos;1.8.0_271&apos;
Driver info: driver.version: FirefoxDriver
remote stacktrace: 
	at org.openqa.selenium.remote.W3CHandshakeResponse.lambda$errorHandler$0(W3CHandshakeResponse.java:62)
	at org.openqa.selenium.remote.HandshakeResponse.lambda$getResponseFunction$0(HandshakeResponse.java:30)
	at org.openqa.selenium.remote.ProtocolHandshake.lambda$createSession$0(ProtocolHandshake.java:126)
	at java.util.stream.ReferencePipeline$3$1.accept(Unknown Source)
	at java.util.Spliterators$ArraySpliterator.tryAdvance(Unknown Source)
	at java.util.stream.ReferencePipeline.forEachWithCancel(Unknown Source)
	at java.util.stream.AbstractPipeline.copyIntoWithCancel(Unknown Source)
	at java.util.stream.AbstractPipeline.copyInto(Unknown Source)
	at java.util.stream.AbstractPipeline.wrapAndCopyInto(Unknown Source)
	at java.util.stream.FindOps$FindOp.evaluateSequential(Unknown Source)
	at java.util.stream.AbstractPipeline.evaluate(Unknown Source)
	at java.util.stream.ReferencePipeline.findFirst(Unknown Source)
	at org.openqa.selenium.remote.ProtocolHandshake.createSession(ProtocolHandshake.java:128)
	at org.openqa.selenium.remote.ProtocolHandshake.createSession(ProtocolHandshake.java:74)
	at org.openqa.selenium.remote.HttpCommandExecutor.execute(HttpCommandExecutor.java:136)
	at org.openqa.selenium.remote.service.DriverCommandExecutor.execute(DriverCommandExecutor.java:83)
	at org.openqa.selenium.remote.RemoteWebDriver.execute(RemoteWebDriver.java:552)
	at org.openqa.selenium.remote.RemoteWebDriver.startSession(RemoteWebDriver.java:213)
	at org.openqa.selenium.remote.RemoteWebDriver.&lt;init&gt;(RemoteWebDriver.java:131)
	at org.openqa.selenium.firefox.FirefoxDriver.&lt;init&gt;(FirefoxDriver.java:147)
	at commons.AbstractTest.getBrowserDriver(AbstractTest.java:40)
	at com.nopcommerce.users.Level_01_Register_Login.beforeClass(Level_01_Register_Login.java:57)
... Removed 30 stack frames
</div> <!-- stack-trace -->
                </div> <!-- method-content -->
              </div> <!-- method -->
              <div class="method">
                <div class="method-content">
                  <a name="TC_02_Login">
                  </a> <!-- TC_02_Login -->
                  <span class="method-name">TC_02_Login</span>
                  <div class="stack-trace">org.openqa.selenium.WebDriverException: unknown error: failed to write prefs file
Build info: version: &apos;3.141.59&apos;, revision: &apos;e82be7d358&apos;, time: &apos;2018-11-14T08:25:53&apos;
System info: host: &apos;DESKTOP-4LGOUIP&apos;, ip: &apos;192.168.1.4&apos;, os.name: &apos;Windows 10&apos;, os.arch: &apos;amd64&apos;, os.version: &apos;10.0&apos;, java.version: &apos;1.8.0_271&apos;
Driver info: driver.version: ChromeDriver
remote stacktrace: Backtrace:
	Ordinal0 [0x00802DB3+2502067]
	Ordinal0 [0x0079C5B1+2082225]
	Ordinal0 [0x006A2498+1057944]
	Ordinal0 [0x006BF2BC+1176252]
	Ordinal0 [0x006BF3E5+1176549]
	Ordinal0 [0x006BCE9A+1167002]
	Ordinal0 [0x006B9C73+1154163]
	Ordinal0 [0x006E9A22+1350178]
	Ordinal0 [0x006E967A+1349242]
	Ordinal0 [0x006E5BEB+1334251]
	Ordinal0 [0x006C2174+1188212]
	Ordinal0 [0x006C3009+1191945]
	GetHandleVerifier [0x0097EC5C+1511084]
	GetHandleVerifier [0x00A28522+2205554]
	GetHandleVerifier [0x00883393+480739]
	GetHandleVerifier [0x00882579+477129]
	Ordinal0 [0x007A1E5D+2104925]
	Ordinal0 [0x007A63F8+2122744]
	Ordinal0 [0x007A6537+2123063]
	Ordinal0 [0x007AEE53+2158163]
	BaseThreadInitThunk [0x76F8FA29+25]
	RtlGetAppContainerNamedObjectPath [0x770D7A7E+286]
	RtlGetAppContainerNamedObjectPath [0x770D7A4E+238]

	at org.openqa.selenium.remote.W3CHandshakeResponse.lambda$errorHandler$0(W3CHandshakeResponse.java:62)
	at org.openqa.selenium.remote.HandshakeResponse.lambda$getResponseFunction$0(HandshakeResponse.java:30)
	at org.openqa.selenium.remote.ProtocolHandshake.lambda$createSession$0(ProtocolHandshake.java:126)
	at java.util.stream.ReferencePipeline$3$1.accept(Unknown Source)
	at java.util.Spliterators$ArraySpliterator.tryAdvance(Unknown Source)
	at java.util.stream.ReferencePipeline.forEachWithCancel(Unknown Source)
	at java.util.stream.AbstractPipeline.copyIntoWithCancel(Unknown Source)
	at java.util.stream.AbstractPipeline.copyInto(Unknown Source)
	at java.util.stream.AbstractPipeline.wrapAndCopyInto(Unknown Source)
	at java.util.stream.FindOps$FindOp.evaluateSequential(Unknown Source)
	at java.util.stream.AbstractPipeline.evaluate(Unknown Source)
	at java.util.stream.ReferencePipeline.findFirst(Unknown Source)
	at org.openqa.selenium.remote.ProtocolHandshake.createSession(ProtocolHandshake.java:128)
	at org.openqa.selenium.remote.ProtocolHandshake.createSession(ProtocolHandshake.java:74)
	at org.openqa.selenium.remote.HttpCommandExecutor.execute(HttpCommandExecutor.java:136)
	at org.openqa.selenium.remote.service.DriverCommandExecutor.execute(DriverCommandExecutor.java:83)
	at org.openqa.selenium.remote.RemoteWebDriver.execute(RemoteWebDriver.java:552)
	at org.openqa.selenium.remote.RemoteWebDriver.startSession(RemoteWebDriver.java:213)
	at org.openqa.selenium.remote.RemoteWebDriver.&lt;init&gt;(RemoteWebDriver.java:131)
	at org.openqa.selenium.chrome.ChromeDriver.&lt;init&gt;(ChromeDriver.java:181)
	at org.openqa.selenium.chrome.ChromeDriver.&lt;init&gt;(ChromeDriver.java:168)
	at org.openqa.selenium.chrome.ChromeDriver.&lt;init&gt;(ChromeDriver.java:157)
	at commons.AbstractTest.getBrowserDriver(AbstractTest.java:49)
	at com.nopcommerce.users.Level_01_Register_Login.beforeClass(Level_01_Register_Login.java:57)
... Removed 30 stack frames
</div> <!-- stack-trace -->
                </div> <!-- method-content -->
              </div> <!-- method -->
              <div class="method">
                <div class="method-content">
                  <a name="TC_02_Login">
                  </a> <!-- TC_02_Login -->
                  <span class="method-name">TC_02_Login</span>
                  <div class="stack-trace">org.openqa.selenium.WebDriverException: unknown error: failed to write prefs file
Build info: version: &apos;3.141.59&apos;, revision: &apos;e82be7d358&apos;, time: &apos;2018-11-14T08:25:53&apos;
System info: host: &apos;DESKTOP-4LGOUIP&apos;, ip: &apos;192.168.1.4&apos;, os.name: &apos;Windows 10&apos;, os.arch: &apos;amd64&apos;, os.version: &apos;10.0&apos;, java.version: &apos;1.8.0_271&apos;
Driver info: driver.version: EdgeDriver
remote stacktrace: Backtrace:
	Ordinal0 [0x00007FF6E9A28F52+4427602]
	Ordinal0 [0x00007FF6E96DD583+972163]
	Ordinal0 [0x00007FF6E97051FA+1135098]
	Ordinal0 [0x00007FF6E9705383+1135491]
	Ordinal0 [0x00007FF6E96FFC31+1113137]
	Ordinal0 [0x00007FF6E96FC4D3+1098963]
	Ordinal0 [0x00007FF6E9736F70+1339248]
	Ordinal0 [0x00007FF6E9732B8F+1321871]
	Ordinal0 [0x00007FF6E97086FA+1148666]
	Ordinal0 [0x00007FF6E970975F+1152863]
	Ordinal0 [0x00007FF6E979BBBD+1751997]
	Ordinal0 [0x00007FF6E979A152+1745234]
	Ordinal0 [0x00007FF6E9917824+3307556]
	Ordinal0 [0x00007FF6E9A48BC9+4557769]
	Ordinal0 [0x00007FF6E99D7EFE+4095742]
	Ordinal0 [0x00007FF6E99D7454+4093012]
	Ordinal0 [0x00007FF6E99D72A5+4092581]
	Ordinal0 [0x00007FF6E99F168F+4200079]
	BaseThreadInitThunk [0x00007FFF19E07034+20]
	RtlUserThreadStart [0x00007FFF1B862651+33]

	at org.openqa.selenium.remote.W3CHandshakeResponse.lambda$errorHandler$0(W3CHandshakeResponse.java:62)
	at org.openqa.selenium.remote.HandshakeResponse.lambda$getResponseFunction$0(HandshakeResponse.java:30)
	at org.openqa.selenium.remote.ProtocolHandshake.lambda$createSession$0(ProtocolHandshake.java:126)
	at java.util.stream.ReferencePipeline$3$1.accept(Unknown Source)
	at java.util.Spliterators$ArraySpliterator.tryAdvance(Unknown Source)
	at java.util.stream.ReferencePipeline.forEachWithCancel(Unknown Source)
	at java.util.stream.AbstractPipeline.copyIntoWithCancel(Unknown Source)
	at java.util.stream.AbstractPipeline.copyInto(Unknown Source)
	at java.util.stream.AbstractPipeline.wrapAndCopyInto(Unknown Source)
	at java.util.stream.FindOps$FindOp.evaluateSequential(Unknown Source)
	at java.util.stream.AbstractPipeline.evaluate(Unknown Source)
	at java.util.stream.ReferencePipeline.findFirst(Unknown Source)
	at org.openqa.selenium.remote.ProtocolHandshake.createSession(ProtocolHandshake.java:128)
	at org.openqa.selenium.remote.ProtocolHandshake.createSession(ProtocolHandshake.java:74)
	at org.openqa.selenium.remote.HttpCommandExecutor.execute(HttpCommandExecutor.java:136)
	at org.openqa.selenium.remote.service.DriverCommandExecutor.execute(DriverCommandExecutor.java:83)
	at org.openqa.selenium.remote.RemoteWebDriver.execute(RemoteWebDriver.java:552)
	at org.openqa.selenium.remote.RemoteWebDriver.startSession(RemoteWebDriver.java:213)
	at org.openqa.selenium.remote.RemoteWebDriver.&lt;init&gt;(RemoteWebDriver.java:131)
	at org.openqa.selenium.edge.EdgeDriver.&lt;init&gt;(EdgeDriver.java:141)
	at org.openqa.selenium.edge.EdgeDriver.&lt;init&gt;(EdgeDriver.java:96)
	at commons.AbstractTest.getBrowserDriver(AbstractTest.java:56)
	at com.nopcommerce.users.Level_01_Register_Login.beforeClass(Level_01_Register_Login.java:57)
... Removed 30 stack frames
</div> <!-- stack-trace -->
                </div> <!-- method-content -->
              </div> <!-- method -->
              <div class="method">
                <div class="method-content">
                  <a name="TC_03_View_My_Account">
                  </a> <!-- TC_03_View_My_Account -->
                  <span class="method-name">TC_03_View_My_Account</span>
                  <div class="stack-trace">org.openqa.selenium.SessionNotCreatedException: Failed to set preferences: Unable to write Firefox profile: There is not enough space on the disk. (os error 112)
Build info: version: &apos;3.141.59&apos;, revision: &apos;e82be7d358&apos;, time: &apos;2018-11-14T08:25:53&apos;
System info: host: &apos;DESKTOP-4LGOUIP&apos;, ip: &apos;192.168.1.4&apos;, os.name: &apos;Windows 10&apos;, os.arch: &apos;amd64&apos;, os.version: &apos;10.0&apos;, java.version: &apos;1.8.0_271&apos;
Driver info: driver.version: FirefoxDriver
remote stacktrace: 
	at org.openqa.selenium.remote.W3CHandshakeResponse.lambda$errorHandler$0(W3CHandshakeResponse.java:62)
	at org.openqa.selenium.remote.HandshakeResponse.lambda$getResponseFunction$0(HandshakeResponse.java:30)
	at org.openqa.selenium.remote.ProtocolHandshake.lambda$createSession$0(ProtocolHandshake.java:126)
	at java.util.stream.ReferencePipeline$3$1.accept(Unknown Source)
	at java.util.Spliterators$ArraySpliterator.tryAdvance(Unknown Source)
	at java.util.stream.ReferencePipeline.forEachWithCancel(Unknown Source)
	at java.util.stream.AbstractPipeline.copyIntoWithCancel(Unknown Source)
	at java.util.stream.AbstractPipeline.copyInto(Unknown Source)
	at java.util.stream.AbstractPipeline.wrapAndCopyInto(Unknown Source)
	at java.util.stream.FindOps$FindOp.evaluateSequential(Unknown Source)
	at java.util.stream.AbstractPipeline.evaluate(Unknown Source)
	at java.util.stream.ReferencePipeline.findFirst(Unknown Source)
	at org.openqa.selenium.remote.ProtocolHandshake.createSession(ProtocolHandshake.java:128)
	at org.openqa.selenium.remote.ProtocolHandshake.createSession(ProtocolHandshake.java:74)
	at org.openqa.selenium.remote.HttpCommandExecutor.execute(HttpCommandExecutor.java:136)
	at org.openqa.selenium.remote.service.DriverCommandExecutor.execute(DriverCommandExecutor.java:83)
	at org.openqa.selenium.remote.RemoteWebDriver.execute(RemoteWebDriver.java:552)
	at org.openqa.selenium.remote.RemoteWebDriver.startSession(RemoteWebDriver.java:213)
	at org.openqa.selenium.remote.RemoteWebDriver.&lt;init&gt;(RemoteWebDriver.java:131)
	at org.openqa.selenium.firefox.FirefoxDriver.&lt;init&gt;(FirefoxDriver.java:147)
	at org.openqa.selenium.firefox.FirefoxDriver.&lt;init&gt;(FirefoxDriver.java:125)
	at commons.AbstractTest.getBrowserDriver(AbstractTest.java:25)
	at com.nopcommerce.users.Level_01_Register_Login.beforeClass(Level_01_Register_Login.java:57)
... Removed 30 stack frames
</div> <!-- stack-trace -->
                </div> <!-- method-content -->
              </div> <!-- method -->
              <div class="method">
                <div class="method-content">
                  <a name="TC_03_View_My_Account">
                  </a> <!-- TC_03_View_My_Account -->
                  <span class="method-name">TC_03_View_My_Account</span>
                  <div class="stack-trace">org.openqa.selenium.WebDriverException: unknown error: failed to write prefs file
Build info: version: &apos;3.141.59&apos;, revision: &apos;e82be7d358&apos;, time: &apos;2018-11-14T08:25:53&apos;
System info: host: &apos;DESKTOP-4LGOUIP&apos;, ip: &apos;192.168.1.4&apos;, os.name: &apos;Windows 10&apos;, os.arch: &apos;amd64&apos;, os.version: &apos;10.0&apos;, java.version: &apos;1.8.0_271&apos;
Driver info: driver.version: ChromeDriver
remote stacktrace: Backtrace:
	Ordinal0 [0x00802DB3+2502067]
	Ordinal0 [0x0079C5B1+2082225]
	Ordinal0 [0x006A2498+1057944]
	Ordinal0 [0x006BF2BC+1176252]
	Ordinal0 [0x006BF3E5+1176549]
	Ordinal0 [0x006BCE9A+1167002]
	Ordinal0 [0x006B9C73+1154163]
	Ordinal0 [0x006E9A22+1350178]
	Ordinal0 [0x006E967A+1349242]
	Ordinal0 [0x006E5BEB+1334251]
	Ordinal0 [0x006C2174+1188212]
	Ordinal0 [0x006C3009+1191945]
	GetHandleVerifier [0x0097EC5C+1511084]
	GetHandleVerifier [0x00A28522+2205554]
	GetHandleVerifier [0x00883393+480739]
	GetHandleVerifier [0x00882579+477129]
	Ordinal0 [0x007A1E5D+2104925]
	Ordinal0 [0x007A63F8+2122744]
	Ordinal0 [0x007A6537+2123063]
	Ordinal0 [0x007AEE53+2158163]
	BaseThreadInitThunk [0x76F8FA29+25]
	RtlGetAppContainerNamedObjectPath [0x770D7A7E+286]
	RtlGetAppContainerNamedObjectPath [0x770D7A4E+238]

	at org.openqa.selenium.remote.W3CHandshakeResponse.lambda$errorHandler$0(W3CHandshakeResponse.java:62)
	at org.openqa.selenium.remote.HandshakeResponse.lambda$getResponseFunction$0(HandshakeResponse.java:30)
	at org.openqa.selenium.remote.ProtocolHandshake.lambda$createSession$0(ProtocolHandshake.java:126)
	at java.util.stream.ReferencePipeline$3$1.accept(Unknown Source)
	at java.util.Spliterators$ArraySpliterator.tryAdvance(Unknown Source)
	at java.util.stream.ReferencePipeline.forEachWithCancel(Unknown Source)
	at java.util.stream.AbstractPipeline.copyIntoWithCancel(Unknown Source)
	at java.util.stream.AbstractPipeline.copyInto(Unknown Source)
	at java.util.stream.AbstractPipeline.wrapAndCopyInto(Unknown Source)
	at java.util.stream.FindOps$FindOp.evaluateSequential(Unknown Source)
	at java.util.stream.AbstractPipeline.evaluate(Unknown Source)
	at java.util.stream.ReferencePipeline.findFirst(Unknown Source)
	at org.openqa.selenium.remote.ProtocolHandshake.createSession(ProtocolHandshake.java:128)
	at org.openqa.selenium.remote.ProtocolHandshake.createSession(ProtocolHandshake.java:74)
	at org.openqa.selenium.remote.HttpCommandExecutor.execute(HttpCommandExecutor.java:136)
	at org.openqa.selenium.remote.service.DriverCommandExecutor.execute(DriverCommandExecutor.java:83)
	at org.openqa.selenium.remote.RemoteWebDriver.execute(RemoteWebDriver.java:552)
	at org.openqa.selenium.remote.RemoteWebDriver.startSession(RemoteWebDriver.java:213)
	at org.openqa.selenium.remote.RemoteWebDriver.&lt;init&gt;(RemoteWebDriver.java:131)
	at org.openqa.selenium.chrome.ChromeDriver.&lt;init&gt;(ChromeDriver.java:181)
	at org.openqa.selenium.chrome.ChromeDriver.&lt;init&gt;(ChromeDriver.java:168)
	at org.openqa.selenium.chrome.ChromeDriver.&lt;init&gt;(ChromeDriver.java:123)
	at commons.AbstractTest.getBrowserDriver(AbstractTest.java:32)
	at com.nopcommerce.users.Level_01_Register_Login.beforeClass(Level_01_Register_Login.java:57)
... Removed 30 stack frames
</div> <!-- stack-trace -->
                </div> <!-- method-content -->
              </div> <!-- method -->
              <div class="method">
                <div class="method-content">
                  <a name="TC_03_View_My_Account">
                  </a> <!-- TC_03_View_My_Account -->
                  <span class="method-name">TC_03_View_My_Account</span>
                  <div class="stack-trace">org.openqa.selenium.SessionNotCreatedException: Failed to set preferences: Unable to write Firefox profile: There is not enough space on the disk. (os error 112)
Build info: version: &apos;3.141.59&apos;, revision: &apos;e82be7d358&apos;, time: &apos;2018-11-14T08:25:53&apos;
System info: host: &apos;DESKTOP-4LGOUIP&apos;, ip: &apos;192.168.1.4&apos;, os.name: &apos;Windows 10&apos;, os.arch: &apos;amd64&apos;, os.version: &apos;10.0&apos;, java.version: &apos;1.8.0_271&apos;
Driver info: driver.version: FirefoxDriver
remote stacktrace: 
	at org.openqa.selenium.remote.W3CHandshakeResponse.lambda$errorHandler$0(W3CHandshakeResponse.java:62)
	at org.openqa.selenium.remote.HandshakeResponse.lambda$getResponseFunction$0(HandshakeResponse.java:30)
	at org.openqa.selenium.remote.ProtocolHandshake.lambda$createSession$0(ProtocolHandshake.java:126)
	at java.util.stream.ReferencePipeline$3$1.accept(Unknown Source)
	at java.util.Spliterators$ArraySpliterator.tryAdvance(Unknown Source)
	at java.util.stream.ReferencePipeline.forEachWithCancel(Unknown Source)
	at java.util.stream.AbstractPipeline.copyIntoWithCancel(Unknown Source)
	at java.util.stream.AbstractPipeline.copyInto(Unknown Source)
	at java.util.stream.AbstractPipeline.wrapAndCopyInto(Unknown Source)
	at java.util.stream.FindOps$FindOp.evaluateSequential(Unknown Source)
	at java.util.stream.AbstractPipeline.evaluate(Unknown Source)
	at java.util.stream.ReferencePipeline.findFirst(Unknown Source)
	at org.openqa.selenium.remote.ProtocolHandshake.createSession(ProtocolHandshake.java:128)
	at org.openqa.selenium.remote.ProtocolHandshake.createSession(ProtocolHandshake.java:74)
	at org.openqa.selenium.remote.HttpCommandExecutor.execute(HttpCommandExecutor.java:136)
	at org.openqa.selenium.remote.service.DriverCommandExecutor.execute(DriverCommandExecutor.java:83)
	at org.openqa.selenium.remote.RemoteWebDriver.execute(RemoteWebDriver.java:552)
	at org.openqa.selenium.remote.RemoteWebDriver.startSession(RemoteWebDriver.java:213)
	at org.openqa.selenium.remote.RemoteWebDriver.&lt;init&gt;(RemoteWebDriver.java:131)
	at org.openqa.selenium.firefox.FirefoxDriver.&lt;init&gt;(FirefoxDriver.java:147)
	at commons.AbstractTest.getBrowserDriver(AbstractTest.java:40)
	at com.nopcommerce.users.Level_01_Register_Login.beforeClass(Level_01_Register_Login.java:57)
... Removed 30 stack frames
</div> <!-- stack-trace -->
                </div> <!-- method-content -->
              </div> <!-- method -->
              <div class="method">
                <div class="method-content">
                  <a name="TC_03_View_My_Account">
                  </a> <!-- TC_03_View_My_Account -->
                  <span class="method-name">TC_03_View_My_Account</span>
                  <div class="stack-trace">org.openqa.selenium.WebDriverException: unknown error: failed to write prefs file
Build info: version: &apos;3.141.59&apos;, revision: &apos;e82be7d358&apos;, time: &apos;2018-11-14T08:25:53&apos;
System info: host: &apos;DESKTOP-4LGOUIP&apos;, ip: &apos;192.168.1.4&apos;, os.name: &apos;Windows 10&apos;, os.arch: &apos;amd64&apos;, os.version: &apos;10.0&apos;, java.version: &apos;1.8.0_271&apos;
Driver info: driver.version: ChromeDriver
remote stacktrace: Backtrace:
	Ordinal0 [0x00802DB3+2502067]
	Ordinal0 [0x0079C5B1+2082225]
	Ordinal0 [0x006A2498+1057944]
	Ordinal0 [0x006BF2BC+1176252]
	Ordinal0 [0x006BF3E5+1176549]
	Ordinal0 [0x006BCE9A+1167002]
	Ordinal0 [0x006B9C73+1154163]
	Ordinal0 [0x006E9A22+1350178]
	Ordinal0 [0x006E967A+1349242]
	Ordinal0 [0x006E5BEB+1334251]
	Ordinal0 [0x006C2174+1188212]
	Ordinal0 [0x006C3009+1191945]
	GetHandleVerifier [0x0097EC5C+1511084]
	GetHandleVerifier [0x00A28522+2205554]
	GetHandleVerifier [0x00883393+480739]
	GetHandleVerifier [0x00882579+477129]
	Ordinal0 [0x007A1E5D+2104925]
	Ordinal0 [0x007A63F8+2122744]
	Ordinal0 [0x007A6537+2123063]
	Ordinal0 [0x007AEE53+2158163]
	BaseThreadInitThunk [0x76F8FA29+25]
	RtlGetAppContainerNamedObjectPath [0x770D7A7E+286]
	RtlGetAppContainerNamedObjectPath [0x770D7A4E+238]

	at org.openqa.selenium.remote.W3CHandshakeResponse.lambda$errorHandler$0(W3CHandshakeResponse.java:62)
	at org.openqa.selenium.remote.HandshakeResponse.lambda$getResponseFunction$0(HandshakeResponse.java:30)
	at org.openqa.selenium.remote.ProtocolHandshake.lambda$createSession$0(ProtocolHandshake.java:126)
	at java.util.stream.ReferencePipeline$3$1.accept(Unknown Source)
	at java.util.Spliterators$ArraySpliterator.tryAdvance(Unknown Source)
	at java.util.stream.ReferencePipeline.forEachWithCancel(Unknown Source)
	at java.util.stream.AbstractPipeline.copyIntoWithCancel(Unknown Source)
	at java.util.stream.AbstractPipeline.copyInto(Unknown Source)
	at java.util.stream.AbstractPipeline.wrapAndCopyInto(Unknown Source)
	at java.util.stream.FindOps$FindOp.evaluateSequential(Unknown Source)
	at java.util.stream.AbstractPipeline.evaluate(Unknown Source)
	at java.util.stream.ReferencePipeline.findFirst(Unknown Source)
	at org.openqa.selenium.remote.ProtocolHandshake.createSession(ProtocolHandshake.java:128)
	at org.openqa.selenium.remote.ProtocolHandshake.createSession(ProtocolHandshake.java:74)
	at org.openqa.selenium.remote.HttpCommandExecutor.execute(HttpCommandExecutor.java:136)
	at org.openqa.selenium.remote.service.DriverCommandExecutor.execute(DriverCommandExecutor.java:83)
	at org.openqa.selenium.remote.RemoteWebDriver.execute(RemoteWebDriver.java:552)
	at org.openqa.selenium.remote.RemoteWebDriver.startSession(RemoteWebDriver.java:213)
	at org.openqa.selenium.remote.RemoteWebDriver.&lt;init&gt;(RemoteWebDriver.java:131)
	at org.openqa.selenium.chrome.ChromeDriver.&lt;init&gt;(ChromeDriver.java:181)
	at org.openqa.selenium.chrome.ChromeDriver.&lt;init&gt;(ChromeDriver.java:168)
	at org.openqa.selenium.chrome.ChromeDriver.&lt;init&gt;(ChromeDriver.java:157)
	at commons.AbstractTest.getBrowserDriver(AbstractTest.java:49)
	at com.nopcommerce.users.Level_01_Register_Login.beforeClass(Level_01_Register_Login.java:57)
... Removed 30 stack frames
</div> <!-- stack-trace -->
                </div> <!-- method-content -->
              </div> <!-- method -->
              <div class="method">
                <div class="method-content">
                  <a name="TC_03_View_My_Account">
                  </a> <!-- TC_03_View_My_Account -->
                  <span class="method-name">TC_03_View_My_Account</span>
                  <div class="stack-trace">org.openqa.selenium.WebDriverException: unknown error: failed to write prefs file
Build info: version: &apos;3.141.59&apos;, revision: &apos;e82be7d358&apos;, time: &apos;2018-11-14T08:25:53&apos;
System info: host: &apos;DESKTOP-4LGOUIP&apos;, ip: &apos;192.168.1.4&apos;, os.name: &apos;Windows 10&apos;, os.arch: &apos;amd64&apos;, os.version: &apos;10.0&apos;, java.version: &apos;1.8.0_271&apos;
Driver info: driver.version: EdgeDriver
remote stacktrace: Backtrace:
	Ordinal0 [0x00007FF6E9A28F52+4427602]
	Ordinal0 [0x00007FF6E96DD583+972163]
	Ordinal0 [0x00007FF6E97051FA+1135098]
	Ordinal0 [0x00007FF6E9705383+1135491]
	Ordinal0 [0x00007FF6E96FFC31+1113137]
	Ordinal0 [0x00007FF6E96FC4D3+1098963]
	Ordinal0 [0x00007FF6E9736F70+1339248]
	Ordinal0 [0x00007FF6E9732B8F+1321871]
	Ordinal0 [0x00007FF6E97086FA+1148666]
	Ordinal0 [0x00007FF6E970975F+1152863]
	Ordinal0 [0x00007FF6E979BBBD+1751997]
	Ordinal0 [0x00007FF6E979A152+1745234]
	Ordinal0 [0x00007FF6E9917824+3307556]
	Ordinal0 [0x00007FF6E9A48BC9+4557769]
	Ordinal0 [0x00007FF6E99D7EFE+4095742]
	Ordinal0 [0x00007FF6E99D7454+4093012]
	Ordinal0 [0x00007FF6E99D72A5+4092581]
	Ordinal0 [0x00007FF6E99F168F+4200079]
	BaseThreadInitThunk [0x00007FFF19E07034+20]
	RtlUserThreadStart [0x00007FFF1B862651+33]

	at org.openqa.selenium.remote.W3CHandshakeResponse.lambda$errorHandler$0(W3CHandshakeResponse.java:62)
	at org.openqa.selenium.remote.HandshakeResponse.lambda$getResponseFunction$0(HandshakeResponse.java:30)
	at org.openqa.selenium.remote.ProtocolHandshake.lambda$createSession$0(ProtocolHandshake.java:126)
	at java.util.stream.ReferencePipeline$3$1.accept(Unknown Source)
	at java.util.Spliterators$ArraySpliterator.tryAdvance(Unknown Source)
	at java.util.stream.ReferencePipeline.forEachWithCancel(Unknown Source)
	at java.util.stream.AbstractPipeline.copyIntoWithCancel(Unknown Source)
	at java.util.stream.AbstractPipeline.copyInto(Unknown Source)
	at java.util.stream.AbstractPipeline.wrapAndCopyInto(Unknown Source)
	at java.util.stream.FindOps$FindOp.evaluateSequential(Unknown Source)
	at java.util.stream.AbstractPipeline.evaluate(Unknown Source)
	at java.util.stream.ReferencePipeline.findFirst(Unknown Source)
	at org.openqa.selenium.remote.ProtocolHandshake.createSession(ProtocolHandshake.java:128)
	at org.openqa.selenium.remote.ProtocolHandshake.createSession(ProtocolHandshake.java:74)
	at org.openqa.selenium.remote.HttpCommandExecutor.execute(HttpCommandExecutor.java:136)
	at org.openqa.selenium.remote.service.DriverCommandExecutor.execute(DriverCommandExecutor.java:83)
	at org.openqa.selenium.remote.RemoteWebDriver.execute(RemoteWebDriver.java:552)
	at org.openqa.selenium.remote.RemoteWebDriver.startSession(RemoteWebDriver.java:213)
	at org.openqa.selenium.remote.RemoteWebDriver.&lt;init&gt;(RemoteWebDriver.java:131)
	at org.openqa.selenium.edge.EdgeDriver.&lt;init&gt;(EdgeDriver.java:141)
	at org.openqa.selenium.edge.EdgeDriver.&lt;init&gt;(EdgeDriver.java:96)
	at commons.AbstractTest.getBrowserDriver(AbstractTest.java:56)
	at com.nopcommerce.users.Level_01_Register_Login.beforeClass(Level_01_Register_Login.java:57)
... Removed 30 stack frames
</div> <!-- stack-trace -->
                </div> <!-- method-content -->
              </div> <!-- method -->
            </div> <!-- main-panel-content rounded-window-bottom -->
          </div> <!-- suite-NopCommerce-class-skipped -->
        </div> <!-- panel NopCommerce -->
        <div panel-name="test-xml-NopCommerce" class="panel">
          <div class="main-panel-header rounded-window-top">
            <span class="header-content">D:\Automation test\hybrid-pom-nopcommerce\resources\runNopCommerceTestcases.xml</span>
          </div> <!-- main-panel-header rounded-window-top -->
          <div class="main-panel-content rounded-window-bottom">
            <pre>
&lt;?xml version=&quot;1.0&quot; encoding=&quot;UTF-8&quot;?&gt;
&lt;!DOCTYPE suite SYSTEM &quot;http://testng.org/testng-1.0.dtd&quot;&gt;
&lt;suite name=&quot;NopCommerce&quot;&gt;
  &lt;test thread-count=&quot;5&quot; name=&quot;Run on FIREFOX UI&quot;&gt;
    &lt;parameter name=&quot;browser&quot; value=&quot;firefox_ui&quot;/&gt;
    &lt;classes&gt;
      &lt;class name=&quot;com.nopcommerce.users.Level_01_Register_Login&quot;/&gt;
    &lt;/classes&gt;
  &lt;/test&gt; &lt;!-- Run on FIREFOX UI --&gt;
  &lt;test thread-count=&quot;5&quot; name=&quot;Run on CHROME UI&quot;&gt;
    &lt;parameter name=&quot;browser&quot; value=&quot;chrome_ui&quot;/&gt;
    &lt;classes&gt;
      &lt;class name=&quot;com.nopcommerce.users.Level_01_Register_Login&quot;/&gt;
    &lt;/classes&gt;
  &lt;/test&gt; &lt;!-- Run on CHROME UI --&gt;
  &lt;test thread-count=&quot;5&quot; name=&quot;Run on FIREFOX HEADLESS&quot;&gt;
    &lt;parameter name=&quot;browser&quot; value=&quot;firefox_headless&quot;/&gt;
    &lt;classes&gt;
      &lt;class name=&quot;com.nopcommerce.users.Level_01_Register_Login&quot;/&gt;
    &lt;/classes&gt;
  &lt;/test&gt; &lt;!-- Run on FIREFOX HEADLESS --&gt;
  &lt;test thread-count=&quot;5&quot; name=&quot;Run on CHROME HEADLESS&quot;&gt;
    &lt;parameter name=&quot;browser&quot; value=&quot;chrome_headless&quot;/&gt;
    &lt;classes&gt;
      &lt;class name=&quot;com.nopcommerce.users.Level_01_Register_Login&quot;/&gt;
    &lt;/classes&gt;
  &lt;/test&gt; &lt;!-- Run on CHROME HEADLESS --&gt;
  &lt;test thread-count=&quot;5&quot; name=&quot;Run on EDGE CHROMIUM&quot;&gt;
    &lt;parameter name=&quot;browser&quot; value=&quot;edge_chromium&quot;/&gt;
    &lt;classes&gt;
      &lt;class name=&quot;com.nopcommerce.users.Level_01_Register_Login&quot;/&gt;
    &lt;/classes&gt;
  &lt;/test&gt; &lt;!-- Run on EDGE CHROMIUM --&gt;
&lt;/suite&gt; &lt;!-- NopCommerce --&gt;
            </pre>
          </div> <!-- main-panel-content rounded-window-bottom -->
        </div> <!-- panel -->
        <div panel-name="testlist-NopCommerce" class="panel">
          <div class="main-panel-header rounded-window-top">
            <span class="header-content">Tests for NopCommerce</span>
          </div> <!-- main-panel-header rounded-window-top -->
          <div class="main-panel-content rounded-window-bottom">
            <ul>
              <li>
                <span class="test-name">Run on FIREFOX UI (1 class)</span>
              </li>
              <li>
                <span class="test-name">Run on CHROME UI (1 class)</span>
              </li>
              <li>
                <span class="test-name">Run on FIREFOX HEADLESS (1 class)</span>
              </li>
              <li>
                <span class="test-name">Run on CHROME HEADLESS (1 class)</span>
              </li>
              <li>
                <span class="test-name">Run on EDGE CHROMIUM (1 class)</span>
              </li>
            </ul>
          </div> <!-- main-panel-content rounded-window-bottom -->
        </div> <!-- panel -->
        <div panel-name="group-NopCommerce" class="panel">
          <div class="main-panel-header rounded-window-top">
            <span class="header-content">Groups for NopCommerce</span>
          </div> <!-- main-panel-header rounded-window-top -->
          <div class="main-panel-content rounded-window-bottom">
          </div> <!-- main-panel-content rounded-window-bottom -->
        </div> <!-- panel -->
        <div panel-name="times-NopCommerce" class="panel">
          <div class="main-panel-header rounded-window-top">
            <span class="header-content">Times for NopCommerce</span>
          </div> <!-- main-panel-header rounded-window-top -->
          <div class="main-panel-content rounded-window-bottom">
            <div class="times-div">
              <script type="text/javascript">
suiteTableInitFunctions.push('tableData_NopCommerce');
function tableData_NopCommerce() {
var data = new google.visualization.DataTable();
data.addColumn('number', 'Number');
data.addColumn('string', 'Method');
data.addColumn('string', 'Class');
data.addColumn('number', 'Time (ms)');
data.addRows(15);
data.setCell(0, 0, 0)
data.setCell(0, 1, 'TC_02_Login')
data.setCell(0, 2, 'com.nopcommerce.users.Level_01_Register_Login')
data.setCell(0, 3, 0);
data.setCell(1, 0, 1)
data.setCell(1, 1, 'TC_01_Register')
data.setCell(1, 2, 'com.nopcommerce.users.Level_01_Register_Login')
data.setCell(1, 3, 0);
data.setCell(2, 0, 2)
data.setCell(2, 1, 'TC_03_View_My_Account')
data.setCell(2, 2, 'com.nopcommerce.users.Level_01_Register_Login')
data.setCell(2, 3, 0);
data.setCell(3, 0, 3)
data.setCell(3, 1, 'TC_03_View_My_Account')
data.setCell(3, 2, 'com.nopcommerce.users.Level_01_Register_Login')
data.setCell(3, 3, 0);
data.setCell(4, 0, 4)
data.setCell(4, 1, 'TC_01_Register')
data.setCell(4, 2, 'com.nopcommerce.users.Level_01_Register_Login')
data.setCell(4, 3, 0);
data.setCell(5, 0, 5)
data.setCell(5, 1, 'TC_02_Login')
data.setCell(5, 2, 'com.nopcommerce.users.Level_01_Register_Login')
data.setCell(5, 3, 0);
data.setCell(6, 0, 6)
data.setCell(6, 1, 'TC_03_View_My_Account')
data.setCell(6, 2, 'com.nopcommerce.users.Level_01_Register_Login')
data.setCell(6, 3, 0);
data.setCell(7, 0, 7)
data.setCell(7, 1, 'TC_02_Login')
data.setCell(7, 2, 'com.nopcommerce.users.Level_01_Register_Login')
data.setCell(7, 3, 0);
data.setCell(8, 0, 8)
data.setCell(8, 1, 'TC_01_Register')
data.setCell(8, 2, 'com.nopcommerce.users.Level_01_Register_Login')
data.setCell(8, 3, 0);
data.setCell(9, 0, 9)
data.setCell(9, 1, 'TC_01_Register')
data.setCell(9, 2, 'com.nopcommerce.users.Level_01_Register_Login')
data.setCell(9, 3, 0);
data.setCell(10, 0, 10)
data.setCell(10, 1, 'TC_03_View_My_Account')
data.setCell(10, 2, 'com.nopcommerce.users.Level_01_Register_Login')
data.setCell(10, 3, 0);
data.setCell(11, 0, 11)
data.setCell(11, 1, 'TC_02_Login')
data.setCell(11, 2, 'com.nopcommerce.users.Level_01_Register_Login')
data.setCell(11, 3, 0);
data.setCell(12, 0, 12)
data.setCell(12, 1, 'TC_02_Login')
data.setCell(12, 2, 'com.nopcommerce.users.Level_01_Register_Login')
data.setCell(12, 3, 0);
data.setCell(13, 0, 13)
data.setCell(13, 1, 'TC_03_View_My_Account')
data.setCell(13, 2, 'com.nopcommerce.users.Level_01_Register_Login')
data.setCell(13, 3, 0);
data.setCell(14, 0, 14)
data.setCell(14, 1, 'TC_01_Register')
data.setCell(14, 2, 'com.nopcommerce.users.Level_01_Register_Login')
data.setCell(14, 3, 0);
window.suiteTableData['NopCommerce']= { tableData: data, tableDiv: 'times-div-NopCommerce'}
return data;
}
              </script>
              <span class="suite-total-time">Total running time: 0 ms</span>
              <div id="times-div-NopCommerce">
              </div> <!-- times-div-NopCommerce -->
            </div> <!-- times-div -->
          </div> <!-- main-panel-content rounded-window-bottom -->
        </div> <!-- panel -->
        <div panel-name="reporter-NopCommerce" class="panel">
          <div class="main-panel-header rounded-window-top">
            <span class="header-content">Reporter output for NopCommerce</span>
          </div> <!-- main-panel-header rounded-window-top -->
          <div class="main-panel-content rounded-window-bottom">
          </div> <!-- main-panel-content rounded-window-bottom -->
        </div> <!-- panel -->
        <div panel-name="ignored-methods-NopCommerce" class="panel">
          <div class="main-panel-header rounded-window-top">
            <span class="header-content">0 ignored methods</span>
          </div> <!-- main-panel-header rounded-window-top -->
          <div class="main-panel-content rounded-window-bottom">
          </div> <!-- main-panel-content rounded-window-bottom -->
        </div> <!-- panel -->
        <div panel-name="chronological-NopCommerce" class="panel">
          <div class="main-panel-header rounded-window-top">
            <span class="header-content">Methods in chronological order</span>
          </div> <!-- main-panel-header rounded-window-top -->
          <div class="main-panel-content rounded-window-bottom">
            <div class="chronological-class">
              <div class="chronological-class-name">com.nopcommerce.users.Level_01_Register_Login</div> <!-- chronological-class-name -->
              <div class="configuration-class before">
                <img src="failed.png">
                </img>
                <span class="method-name">beforeClass(firefox_ui)</span>
                <span class="method-start">0 ms</span>
              </div> <!-- configuration-class before -->
              <div class="configuration-class before">
                <img src="failed.png">
                </img>
                <span class="method-name">beforeClass(chrome_ui)</span>
                <span class="method-start">1965 ms</span>
              </div> <!-- configuration-class before -->
              <div class="configuration-class before">
                <img src="failed.png">
                </img>
                <span class="method-name">beforeClass(firefox_headless)</span>
                <span class="method-start">2648 ms</span>
              </div> <!-- configuration-class before -->
              <div class="configuration-class before">
                <img src="failed.png">
                </img>
                <span class="method-name">beforeClass(chrome_headless)</span>
                <span class="method-start">3263 ms</span>
              </div> <!-- configuration-class before -->
              <div class="configuration-class before">
                <img src="failed.png">
                </img>
                <span class="method-name">beforeClass(edge_chromium)</span>
                <span class="method-start">3867 ms</span>
              </div> <!-- configuration-class before -->
              <div class="test-method">
                <span class="method-name">TC_01_Register</span>
                <span class="method-start">-1623406766585 ms</span>
              </div> <!-- test-method -->
              <div class="test-method">
                <span class="method-name">TC_02_Login</span>
                <span class="method-start">-1623406766585 ms</span>
              </div> <!-- test-method -->
              <div class="test-method">
                <span class="method-name">TC_03_View_My_Account</span>
                <span class="method-start">-1623406766585 ms</span>
              </div> <!-- test-method -->
              <div class="test-method">
                <span class="method-name">TC_01_Register</span>
                <span class="method-start">-1623406766585 ms</span>
              </div> <!-- test-method -->
              <div class="test-method">
                <span class="method-name">TC_02_Login</span>
                <span class="method-start">-1623406766585 ms</span>
              </div> <!-- test-method -->
              <div class="test-method">
                <span class="method-name">TC_03_View_My_Account</span>
                <span class="method-start">-1623406766585 ms</span>
              </div> <!-- test-method -->
              <div class="test-method">
                <span class="method-name">TC_01_Register</span>
                <span class="method-start">-1623406766585 ms</span>
              </div> <!-- test-method -->
              <div class="test-method">
                <span class="method-name">TC_02_Login</span>
                <span class="method-start">-1623406766585 ms</span>
              </div> <!-- test-method -->
              <div class="test-method">
                <span class="method-name">TC_03_View_My_Account</span>
                <span class="method-start">-1623406766585 ms</span>
              </div> <!-- test-method -->
              <div class="test-method">
                <span class="method-name">TC_01_Register</span>
                <span class="method-start">-1623406766585 ms</span>
              </div> <!-- test-method -->
              <div class="test-method">
                <span class="method-name">TC_02_Login</span>
                <span class="method-start">-1623406766585 ms</span>
              </div> <!-- test-method -->
              <div class="test-method">
                <span class="method-name">TC_03_View_My_Account</span>
                <span class="method-start">-1623406766585 ms</span>
              </div> <!-- test-method -->
              <div class="test-method">
                <span class="method-name">TC_01_Register</span>
                <span class="method-start">-1623406766585 ms</span>
              </div> <!-- test-method -->
              <div class="test-method">
                <span class="method-name">TC_02_Login</span>
                <span class="method-start">-1623406766585 ms</span>
              </div> <!-- test-method -->
              <div class="test-method">
                <span class="method-name">TC_03_View_My_Account</span>
                <span class="method-start">-1623406766585 ms</span>
              </div> <!-- test-method -->
          </div> <!-- main-panel-content rounded-window-bottom -->
        </div> <!-- panel -->
      </div> <!-- main-panel-root -->
    </div> <!-- wrapper -->
  </body>
</html>
